Performing C SOURCE FILE Test CMAKE_HAVE_LIBC_PTHREAD failed with the following output:
Change Dir: /home/pavneet/C-tuorials/properC++Setup/build/CMakeFiles/CMakeTmp

Run Build Command(s):/usr/bin/make cmTC_cb5d9/fast && /usr/bin/make -f CMakeFiles/cmTC_cb5d9.dir/build.make CMakeFiles/cmTC_cb5d9.dir/build
make[1]: Entering directory '/home/pavneet/C-tuorials/properC++Setup/build/CMakeFiles/CMakeTmp'
Building C object CMakeFiles/cmTC_cb5d9.dir/src.c.o
/usr/bin/cc   -DCMAKE_HAVE_LIBC_PTHREAD   -o CMakeFiles/cmTC_cb5d9.dir/src.c.o   -c /home/pavneet/C-tuorials/properC++Setup/build/CMakeFiles/CMakeTmp/src.c
Linking C executable cmTC_cb5d9
/usr/bin/cmake -E cmake_link_script CMakeFiles/cmTC_cb5d9.dir/link.txt --verbose=1
/usr/bin/cc  -DCMAKE_HAVE_LIBC_PTHREAD    -rdynamic CMakeFiles/cmTC_cb5d9.dir/src.c.o  -o cmTC_cb5d9 
/usr/bin/ld: CMakeFiles/cmTC_cb5d9.dir/src.c.o: in function `main':
src.c:(.text+0x46): undefined reference to `pthread_create'
/usr/bin/ld: src.c:(.text+0x52): undefined reference to `pthread_detach'
/usr/bin/ld: src.c:(.text+0x63): undefined reference to `pthread_join'
collect2: error: ld returned 1 exit status
make[1]: *** [CMakeFiles/cmTC_cb5d9.dir/build.make:87: cmTC_cb5d9] Error 1
make[1]: Leaving directory '/home/pavneet/C-tuorials/properC++Setup/build/CMakeFiles/CMakeTmp'
make: *** [Makefile:121: cmTC_cb5d9/fast] Error 2


Source file was:
#include <pthread.h>

void* test_func(void* data)
{
  return data;
}

int main(void)
{
  pthread_t thread;
  pthread_create(&thread, NULL, test_func, NULL);
  pthread_detach(thread);
  pthread_join(thread, NULL);
  pthread_atfork(NULL, NULL, NULL);
  pthread_exit(NULL);

  return 0;
}

Determining if the function pthread_create exists in the pthreads failed with the following output:
Change Dir: /home/pavneet/C-tuorials/properC++Setup/build/CMakeFiles/CMakeTmp

Run Build Command(s):/usr/bin/make cmTC_b6012/fast && /usr/bin/make -f CMakeFiles/cmTC_b6012.dir/build.make CMakeFiles/cmTC_b6012.dir/build
make[1]: Entering directory '/home/pavneet/C-tuorials/properC++Setup/build/CMakeFiles/CMakeTmp'
Building C object CMakeFiles/cmTC_b6012.dir/CheckFunctionExists.c.o
/usr/bin/cc   -DCHECK_FUNCTION_EXISTS=pthread_create   -o CMakeFiles/cmTC_b6012.dir/CheckFunctionExists.c.o   -c /usr/share/cmake-3.16/Modules/CheckFunctionExists.c
Linking C executable cmTC_b6012
/usr/bin/cmake -E cmake_link_script CMakeFiles/cmTC_b6012.dir/link.txt --verbose=1
/usr/bin/cc  -DCHECK_FUNCTION_EXISTS=pthread_create    -rdynamic CMakeFiles/cmTC_b6012.dir/CheckFunctionExists.c.o  -o cmTC_b6012  -lpthreads 
/usr/bin/ld: cannot find -lpthreads
collect2: error: ld returned 1 exit status
make[1]: *** [CMakeFiles/cmTC_b6012.dir/build.make:87: cmTC_b6012] Error 1
make[1]: Leaving directory '/home/pavneet/C-tuorials/properC++Setup/build/CMakeFiles/CMakeTmp'
make: *** [Makefile:121: cmTC_b6012/fast] Error 2



Performing C SOURCE FILE Test CMAKE_HAVE_LIBC_PTHREAD failed with the following output:
Change Dir: /home/pavneet/C-tuorials/properC++Setup/build/CMakeFiles/CMakeTmp

Run Build Command(s):/usr/bin/make cmTC_5d58d/fast && /usr/bin/make -f CMakeFiles/cmTC_5d58d.dir/build.make CMakeFiles/cmTC_5d58d.dir/build
make[1]: Entering directory '/home/pavneet/C-tuorials/properC++Setup/build/CMakeFiles/CMakeTmp'
Building C object CMakeFiles/cmTC_5d58d.dir/src.c.o
/usr/bin/cc   -DCMAKE_HAVE_LIBC_PTHREAD   -o CMakeFiles/cmTC_5d58d.dir/src.c.o   -c /home/pavneet/C-tuorials/properC++Setup/build/CMakeFiles/CMakeTmp/src.c
Linking C executable cmTC_5d58d
/usr/bin/cmake -E cmake_link_script CMakeFiles/cmTC_5d58d.dir/link.txt --verbose=1
/usr/bin/cc  -DCMAKE_HAVE_LIBC_PTHREAD    -rdynamic CMakeFiles/cmTC_5d58d.dir/src.c.o  -o cmTC_5d58d 
/usr/bin/ld: CMakeFiles/cmTC_5d58d.dir/src.c.o: in function `main':
src.c:(.text+0x46): undefined reference to `pthread_create'
/usr/bin/ld: src.c:(.text+0x52): undefined reference to `pthread_detach'
/usr/bin/ld: src.c:(.text+0x63): undefined reference to `pthread_join'
collect2: error: ld returned 1 exit status
make[1]: *** [CMakeFiles/cmTC_5d58d.dir/build.make:87: cmTC_5d58d] Error 1
make[1]: Leaving directory '/home/pavneet/C-tuorials/properC++Setup/build/CMakeFiles/CMakeTmp'
make: *** [Makefile:121: cmTC_5d58d/fast] Error 2


Source file was:
#include <pthread.h>

void* test_func(void* data)
{
  return data;
}

int main(void)
{
  pthread_t thread;
  pthread_create(&thread, NULL, test_func, NULL);
  pthread_detach(thread);
  pthread_join(thread, NULL);
  pthread_atfork(NULL, NULL, NULL);
  pthread_exit(NULL);

  return 0;
}

Determining if the function pthread_create exists in the pthreads failed with the following output:
Change Dir: /home/pavneet/C-tuorials/properC++Setup/build/CMakeFiles/CMakeTmp

Run Build Command(s):/usr/bin/make cmTC_f725c/fast && /usr/bin/make -f CMakeFiles/cmTC_f725c.dir/build.make CMakeFiles/cmTC_f725c.dir/build
make[1]: Entering directory '/home/pavneet/C-tuorials/properC++Setup/build/CMakeFiles/CMakeTmp'
Building C object CMakeFiles/cmTC_f725c.dir/CheckFunctionExists.c.o
/usr/bin/cc   -DCHECK_FUNCTION_EXISTS=pthread_create   -o CMakeFiles/cmTC_f725c.dir/CheckFunctionExists.c.o   -c /usr/share/cmake-3.16/Modules/CheckFunctionExists.c
Linking C executable cmTC_f725c
/usr/bin/cmake -E cmake_link_script CMakeFiles/cmTC_f725c.dir/link.txt --verbose=1
/usr/bin/cc  -DCHECK_FUNCTION_EXISTS=pthread_create    -rdynamic CMakeFiles/cmTC_f725c.dir/CheckFunctionExists.c.o  -o cmTC_f725c  -lpthreads 
/usr/bin/ld: cannot find -lpthreads
collect2: error: ld returned 1 exit status
make[1]: *** [CMakeFiles/cmTC_f725c.dir/build.make:87: cmTC_f725c] Error 1
make[1]: Leaving directory '/home/pavneet/C-tuorials/properC++Setup/build/CMakeFiles/CMakeTmp'
make: *** [Makefile:121: cmTC_f725c/fast] Error 2



